<?xml version="1.0" encoding="UTF-8" ?>
<testsuite failures="0" time="0.094" errors="0" skipped="0" tests="6" name="org.apache.james.mime4j.field.structured.StructuredFieldParserTest">
  <properties>
    <property name="java.runtime.name" value="Java(TM) SE Runtime Environment"/>
    <property name="sun.boot.library.path" value="/usr/lib/jvm/java-6-sun-1.6.0.15/jre/lib/amd64"/>
    <property name="java.vm.version" value="14.1-b02"/>
    <property name="java.vm.vendor" value="Sun Microsystems Inc."/>
    <property name="java.vendor.url" value="http://java.sun.com/"/>
    <property name="path.separator" value=":"/>
    <property name="java.vm.name" value="Java HotSpot(TM) 64-Bit Server VM"/>
    <property name="file.encoding.pkg" value="sun.io"/>
    <property name="user.country" value="ES"/>
    <property name="sun.java.launcher" value="SUN_STANDARD"/>
    <property name="sun.os.patch.level" value="unknown"/>
    <property name="java.vm.specification.name" value="Java Virtual Machine Specification"/>
    <property name="user.dir" value="/home/juanjux/reader/GroundhogReader/apache-mime4j-0.6"/>
    <property name="java.runtime.version" value="1.6.0_15-b03"/>
    <property name="java.awt.graphicsenv" value="sun.awt.X11GraphicsEnvironment"/>
    <property name="basedir" value="/home/juanjux/reader/GroundhogReader/apache-mime4j-0.6"/>
    <property name="java.endorsed.dirs" value="/usr/lib/jvm/java-6-sun-1.6.0.15/jre/lib/endorsed"/>
    <property name="os.arch" value="amd64"/>
    <property name="surefire.real.class.path" value="/tmp/surefirebooter8900192497402458275.jar"/>
    <property name="java.io.tmpdir" value="/tmp"/>
    <property name="line.separator" value="
"/>
    <property name="java.vm.specification.vendor" value="Sun Microsystems Inc."/>
    <property name="os.name" value="Linux"/>
    <property name="sun.jnu.encoding" value="UTF-8"/>
    <property name="java.library.path" value="/usr/lib/jvm/java-6-sun-1.6.0.15/jre/lib/amd64/server:/usr/lib/jvm/java-6-sun-1.6.0.15/jre/lib/amd64:/usr/lib/jvm/java-6-sun-1.6.0.15/jre/../lib/amd64::/usr/lib/sane:/usr/local/lib:/usr/lib/sane:/usr/local/lib:/usr/java/packages/lib/amd64:/lib:/usr/lib"/>
    <property name="surefire.test.class.path" value="/home/juanjux/reader/GroundhogReader/apache-mime4j-0.6/target/test-classes:/home/juanjux/reader/GroundhogReader/apache-mime4j-0.6/target/classes:/home/juanjux/.m2/repository/commons-logging/commons-logging/1.1.1/commons-logging-1.1.1.jar:/home/juanjux/.m2/repository/log4j/log4j/1.2.14/log4j-1.2.14.jar:/home/juanjux/.m2/repository/junit/junit/3.8.1/junit-3.8.1.jar:/home/juanjux/.m2/repository/commons-io/commons-io/1.2/commons-io-1.2.jar:"/>
    <property name="java.specification.name" value="Java Platform API Specification"/>
    <property name="java.class.version" value="50.0"/>
    <property name="sun.management.compiler" value="HotSpot 64-Bit Server Compiler"/>
    <property name="os.version" value="2.6.32-020632-generic"/>
    <property name="user.home" value="/home/juanjux"/>
    <property name="user.timezone" value="Europe/Madrid"/>
    <property name="java.awt.printerjob" value="sun.print.PSPrinterJob"/>
    <property name="file.encoding" value="UTF-8"/>
    <property name="java.specification.version" value="1.6"/>
    <property name="user.name" value="juanjux"/>
    <property name="java.class.path" value="/home/juanjux/reader/GroundhogReader/apache-mime4j-0.6/target/test-classes:/home/juanjux/reader/GroundhogReader/apache-mime4j-0.6/target/classes:/home/juanjux/.m2/repository/commons-logging/commons-logging/1.1.1/commons-logging-1.1.1.jar:/home/juanjux/.m2/repository/log4j/log4j/1.2.14/log4j-1.2.14.jar:/home/juanjux/.m2/repository/junit/junit/3.8.1/junit-3.8.1.jar:/home/juanjux/.m2/repository/commons-io/commons-io/1.2/commons-io-1.2.jar:"/>
    <property name="java.vm.specification.version" value="1.0"/>
    <property name="sun.arch.data.model" value="64"/>
    <property name="java.home" value="/usr/lib/jvm/java-6-sun-1.6.0.15/jre"/>
    <property name="java.specification.vendor" value="Sun Microsystems Inc."/>
    <property name="user.language" value="es"/>
    <property name="java.vm.info" value="mixed mode"/>
    <property name="java.version" value="1.6.0_15"/>
    <property name="java.ext.dirs" value="/usr/lib/jvm/java-6-sun-1.6.0.15/jre/lib/ext:/usr/java/packages/lib/ext"/>
    <property name="sun.boot.class.path" value="/usr/lib/jvm/java-6-sun-1.6.0.15/jre/lib/resources.jar:/usr/lib/jvm/java-6-sun-1.6.0.15/jre/lib/rt.jar:/usr/lib/jvm/java-6-sun-1.6.0.15/jre/lib/sunrsasign.jar:/usr/lib/jvm/java-6-sun-1.6.0.15/jre/lib/jsse.jar:/usr/lib/jvm/java-6-sun-1.6.0.15/jre/lib/jce.jar:/usr/lib/jvm/java-6-sun-1.6.0.15/jre/lib/charsets.jar:/usr/lib/jvm/java-6-sun-1.6.0.15/jre/classes"/>
    <property name="java.vendor" value="Sun Microsystems Inc."/>
    <property name="localRepository" value="/home/juanjux/.m2/repository"/>
    <property name="file.separator" value="/"/>
    <property name="java.vendor.url.bug" value="http://java.sun.com/cgi-bin/bugreport.cgi"/>
    <property name="sun.cpu.endian" value="little"/>
    <property name="sun.io.unicode.encoding" value="UnicodeLittle"/>
    <property name="sun.cpu.isalist" value=""/>
  </properties>
  <testcase time="0.089" classname="org.apache.james.mime4j.field.structured.StructuredFieldParserTest" name="testSimpleField"/>
  <testcase time="0.001" classname="org.apache.james.mime4j.field.structured.StructuredFieldParserTest" name="testTrim"/>
  <testcase time="0" classname="org.apache.james.mime4j.field.structured.StructuredFieldParserTest" name="testFolding"/>
  <testcase time="0.001" classname="org.apache.james.mime4j.field.structured.StructuredFieldParserTest" name="testQuotedString"/>
  <testcase time="0.001" classname="org.apache.james.mime4j.field.structured.StructuredFieldParserTest" name="testComments"/>
  <testcase time="0" classname="org.apache.james.mime4j.field.structured.StructuredFieldParserTest" name="testQuotedInComments"/>
</testsuite>